<?xml version="1.0" encoding="UTF-8"?>
<!-- Generated by org.testng.reporters.JUnitXMLReporter -->
<testsuite ignored="0" hostname="DESKTOP-8524L67" failures="0" tests="3" name="Default test" time="36.315" errors="0" timestamp="2026-09-13T09:57:12 IST">
  <testcase classname="tests.flightTest" name="flightSearchTest" time="8.934"/>
  <testcase classname="tests.flightTest" name="framesTest" time="4.233"/>
  <testcase classname="tests.flightTest" name="popUpTest" time="6.167"/>
</testsuite> <!-- Default test -->
