<?xml version="1.0" encoding="UTF-8"?>
<testsuite xmlns:xsi="http://www.w3.org/2001/XMLSchema-instance" xsi:noNamespaceSchemaLocation="https://maven.apache.org/surefire/maven-surefire-plugin/xsd/surefire-test-report.xsd" version="3.0.2" name="TestSuite" time="48.35" tests="8" errors="0" skipped="0" failures="0">
  <properties>
[...]
</properties>
  <testcase name="verifySearchProductTest" classname="tests.flipkartTest" time="5.949">
    <system-err><![CDATA[SLF4J(W): No SLF4J providers were found.
SLF4J(W): Defaulting to no-operation (NOP) logger implementation
SLF4J(W): See https://www.slf4j.org/codes.html#noProviders for further details.
]]></system-err>
  </testcase>
  <testcase name="verifySearchWithSUggetsion" classname="tests.flipkartTest" time="1.658"/>
  <testcase name="verifyFilterOptions" classname="tests.flipkartTest" time="2.823"/>
  <testcase name="verifyItemsLoadedAndList" classname="tests.flipkartTest" time="0.07">
    <system-out><![CDATA[total - 40
Kiba
Women Comfort Fit Embellished Button Down Collar Casual...
₹855₹1,10022% off
]]></system-out>
  </testcase>
  <testcase name="verifyOpen2ndProduct" classname="tests.flipkartTest" time="0.248"/>
  <testcase name="verifySelectSize" classname="tests.flipkartTest" time="2.025"/>
  <testcase name="verifyHover" classname="tests.flipkartTest" time="0.578">
    <system-out><![CDATA[My Profile
Flipkart Plus Zone
Orders
Wishlist
Rewards
Gift Cards
]]></system-out>
  </testcase>
  <testcase name="flightSearchTest" classname="tests.flightTest" time="8.076"/>
</testsuite>