<?xml version="1.0" encoding="UTF-8"?>
<testng-results ignored="0" total="3" passed="3" failed="0" skipped="0">
  <reporter-output>
  </reporter-output>
  <suite started-at="2026-09-13T09:56:36 IST" name="Default suite" finished-at="2026-09-13T09:57:12 IST" duration-ms="36315">
    <groups>
    </groups>
    <test started-at="2026-09-13T09:56:36 IST" name="Default test" finished-at="2026-09-13T09:57:12 IST" duration-ms="36315">
      <class name="tests.flightTest">
        <test-method is-config="true" signature="setUp()[pri:0, instance:tests.flightTest@5524cca1]" started-at="2026-09-13T09:56:36 IST" name="setUp" finished-at="2026-09-13T09:56:51 IST" duration-ms="15464" status="PASS">
          <reporter-output>
          </reporter-output>
        </test-method> <!-- setUp -->
        <test-method is-config="true" signature="createPageObject()[pri:0, instance:tests.flightTest@5524cca1]" started-at="2026-09-13T09:56:51 IST" name="createPageObject" finished-at="2026-09-13T09:56:52 IST" duration-ms="137" status="PASS">
          <reporter-output>
          </reporter-output>
        </test-method> <!-- createPageObject -->
        <test-method signature="flightSearchTest()[pri:0, instance:tests.flightTest@5524cca1]" started-at="2026-09-13T09:56:52 IST" name="flightSearchTest" finished-at="2026-09-13T09:57:01 IST" duration-ms="8934" status="PASS">
          <reporter-output>
          </reporter-output>
        </test-method> <!-- flightSearchTest -->
        <test-method signature="framesTest()[pri:0, instance:tests.flightTest@5524cca1]" started-at="2026-09-13T09:57:01 IST" name="framesTest" finished-at="2026-09-13T09:57:05 IST" duration-ms="4233" status="PASS">
          <reporter-output>
          </reporter-output>
        </test-method> <!-- framesTest -->
        <test-method signature="popUpTest()[pri:0, instance:tests.flightTest@5524cca1]" started-at="2026-09-13T09:57:05 IST" name="popUpTest" finished-at="2026-09-13T09:57:11 IST" duration-ms="6167" status="PASS">
          <reporter-output>
          </reporter-output>
        </test-method> <!-- popUpTest -->
        <test-method is-config="true" signature="tearDown()[pri:0, instance:tests.flightTest@5524cca1]" started-at="2026-09-13T09:57:11 IST" name="tearDown" finished-at="2026-09-13T09:57:12 IST" duration-ms="783" status="PASS">
          <reporter-output>
          </reporter-output>
        </test-method> <!-- tearDown -->
      </class> <!-- tests.flightTest -->
    </test> <!-- Default test -->
  </suite> <!-- Default suite -->
</testng-results>
