<?xml version="1.0" encoding="UTF-8"?>
<!-- Generated by org.testng.reporters.JUnitReportReporter -->
<testsuite hostname="DESKTOP-8524L67" failures="0" tests="3" name="tests.flightTest" time="19.334" errors="0" timestamp="2026-09-13T09:57:12 IST" skipped="0">
  <testcase classname="tests.flightTest" name="popUpTest" time="6.167"/>
  <testcase classname="tests.flightTest" name="framesTest" time="4.233"/>
  <testcase classname="tests.flightTest" name="flightSearchTest" time="8.934"/>
</testsuite> <!-- tests.flightTest -->
