<?xml version="1.0" encoding="UTF-8"?>
<!-- Generated by org.testng.reporters.JUnitReportReporter -->
<testsuite hostname="DESKTOP-8524L67" failures="0" tests="7" name="tests.flipkartTest" time="42.068" errors="1" timestamp="2026-09-12T23:06:12 IST" skipped="1">
  <testcase classname="tests.flipkartTest" name="verifyItemsLoadedAndList" time="0.027"/>
  <testcase classname="tests.flipkartTest" name="verifyOpen2ndProduct" time="0.315"/>
  <testcase classname="tests.flipkartTest" name="verifyHover" time="0.001">
    <skipped/>
  </testcase> <!-- verifyHover -->
  <testcase classname="tests.flipkartTest" name="verifySearchProductTest" time="6.159"/>
  <testcase classname="tests.flipkartTest" name="verifySearchWithSUggetsion" time="2.017"/>
  <testcase classname="tests.flipkartTest" name="verifyFilterOptions" time="3.507"/>
  <testcase classname="tests.flipkartTest" name="verifySelectSize" time="30.042">
    <error message="Error {
  message=&#039;Timeout 30000ms exceeded.
  name=&#039;TimeoutError
  stack=&#039;TimeoutError: Timeout 30000ms exceeded.
    at _ProgressController.run (C:\Users\HP\AppData\Local\Temp\playwright-java-3643724845023119710\package\lib\coreBundle.js:12135:32)
    at DispatcherConnection.dispatch (C:\Users\HP\AppData\Local\Temp\playwright-java-3643724845023119710\package\lib\coreBundle.js:18775:44)
}
Call log:
-   - waiting for getByText(&quot;L&quot;, new Page.GetByTextOptions().setExact(true))
" type="com.microsoft.playwright.TimeoutError">
      <![CDATA[com.microsoft.playwright.TimeoutError: Error {
  message='Timeout 30000ms exceeded.
  name='TimeoutError
  stack='TimeoutError: Timeout 30000ms exceeded.
    at _ProgressController.run (C:\Users\HP\AppData\Local\Temp\playwright-java-3643724845023119710\package\lib\coreBundle.js:12135:32)
    at DispatcherConnection.dispatch (C:\Users\HP\AppData\Local\Temp\playwright-java-3643724845023119710\package\lib\coreBundle.js:18775:44)
}
Call log:
-   - waiting for getByText("L", new Page.GetByTextOptions().setExact(true))

at com.microsoft.playwright.impl.WaitableResult.get(WaitableResult.java:52)
at com.microsoft.playwright.impl.ChannelOwner.runUntil(ChannelOwner.java:147)
at com.microsoft.playwright.impl.Connection.sendMessage(Connection.java:136)
at com.microsoft.playwright.impl.ChannelOwner.sendMessage(ChannelOwner.java:133)
at com.microsoft.playwright.impl.FrameImpl.clickImpl(FrameImpl.java:244)
at com.microsoft.playwright.impl.LocatorImpl.click(LocatorImpl.java:173)
at com.microsoft.playwright.Locator.click(Locator.java:2837)
at pages.flipkartPage.selectSize(flipkartPage.java:53)
at tests.flipkartTest.verifySelectSize(flipkartTest.java:46)
at java.base/jdk.internal.reflect.DirectMethodHandleAccessor.invoke(DirectMethodHandleAccessor.java:104)
at java.base/java.lang.reflect.Method.invoke(Method.java:565)
at org.testng.internal.invokers.MethodInvocationHelper.invokeMethod(MethodInvocationHelper.java:141)
at org.testng.internal.invokers.TestInvoker.invokeMethod(TestInvoker.java:697)
at org.testng.internal.invokers.TestInvoker.invokeTestMethod(TestInvoker.java:230)
at org.testng.internal.invokers.MethodRunner.runInSequence(MethodRunner.java:63)
at org.testng.internal.invokers.TestInvoker$MethodInvocationAgent.invoke(TestInvoker.java:1005)
at org.testng.internal.invokers.TestInvoker.invokeTestMethods(TestInvoker.java:203)
at org.testng.internal.invokers.TestMethodWorker.invokeTestMethods(TestMethodWorker.java:154)
at org.testng.internal.invokers.TestMethodWorker.run(TestMethodWorker.java:134)
at java.base/java.util.ArrayList.forEach(ArrayList.java:1604)
at org.testng.TestRunner.privateRun(TestRunner.java:744)
at org.testng.TestRunner.run(TestRunner.java:616)
at org.testng.SuiteRunner.runTest(SuiteRunner.java:421)
at org.testng.SuiteRunner.runSequentially(SuiteRunner.java:413)
at org.testng.SuiteRunner.privateRun(SuiteRunner.java:373)
at org.testng.SuiteRunner.run(SuiteRunner.java:312)
at org.testng.SuiteRunnerWorker.runSuite(SuiteRunnerWorker.java:52)
at org.testng.SuiteRunnerWorker.run(SuiteRunnerWorker.java:95)
at org.testng.TestNG.runSuitesSequentially(TestNG.java:1274)
at org.testng.TestNG.runSuitesLocally(TestNG.java:1208)
at org.testng.TestNG.runSuites(TestNG.java:1112)
at org.testng.TestNG.run(TestNG.java:1079)
at org.testng.remote.AbstractRemoteTestNG.run(AbstractRemoteTestNG.java:115)
at org.testng.remote.RemoteTestNG.initAndRun(RemoteTestNG.java:293)
at org.testng.remote.RemoteTestNG.main(RemoteTestNG.java:91)
Caused by: com.microsoft.playwright.TimeoutError: Error {
  message='Timeout 30000ms exceeded.
  name='TimeoutError
  stack='TimeoutError: Timeout 30000ms exceeded.
    at _ProgressController.run (C:\Users\HP\AppData\Local\Temp\playwright-java-3643724845023119710\package\lib\coreBundle.js:12135:32)
    at DispatcherConnection.dispatch (C:\Users\HP\AppData\Local\Temp\playwright-java-3643724845023119710\package\lib\coreBundle.js:18775:44)
}
Call log:
-   - waiting for getByText("L", new Page.GetByTextOptions().setExact(true))

at com.microsoft.playwright.impl.Connection.dispatch(Connection.java:273)
at com.microsoft.playwright.impl.Connection.processOneMessage(Connection.java:229)
at com.microsoft.playwright.impl.ChannelOwner.runUntil(ChannelOwner.java:145)
... 33 more
]]>
    </error>
  </testcase> <!-- verifySelectSize -->
</testsuite> <!-- tests.flipkartTest -->
