<?xml version="1.0" encoding="UTF-8"?>
<!-- Generated by org.testng.reporters.JUnitReportReporter -->
<testsuite hostname="DESKTOP-8524L67" failures="0" tests="7" name="tests.flipkartTest" time="13.303" errors="0" timestamp="2026-09-12T23:37:49 IST" skipped="0">
  <testcase classname="tests.flipkartTest" name="verifySearchProductTest" time="5.052"/>
  <testcase classname="tests.flipkartTest" name="verifyItemsLoadedAndList" time="0.021"/>
  <testcase classname="tests.flipkartTest" name="verifyOpen2ndProduct" time="0.281"/>
  <testcase classname="tests.flipkartTest" name="verifyHover" time="0.567"/>
  <testcase classname="tests.flipkartTest" name="verifySearchWithSUggetsion" time="2.545"/>
  <testcase classname="tests.flipkartTest" name="verifySelectSize" time="2.016"/>
  <testcase classname="tests.flipkartTest" name="verifyFilterOptions" time="2.821"/>
</testsuite> <!-- tests.flipkartTest -->
