<?xml version="1.0" encoding="UTF-8"?>
<!-- Generated by org.testng.reporters.JUnitXMLReporter -->
<testsuite ignored="0" hostname="DESKTOP-8524L67" failures="1" tests="8" name="Automation Tests" time="75.476" errors="0" timestamp="2026-09-12T23:06:11 IST">
  <testcase classname="tests.flipkartTest" name="verifySearchProductTest" time="6.159"/>
  <testcase classname="tests.flipkartTest" name="verifySearchWithSUggetsion" time="2.017"/>
  <testcase classname="tests.flipkartTest" name="verifyFilterOptions" time="3.507"/>
  <testcase classname="tests.flipkartTest" name="verifyItemsLoadedAndList" time="0.027"/>
  <testcase classname="tests.flipkartTest" name="verifyOpen2ndProduct" time="0.315"/>
  <testcase classname="tests.flipkartTest" name="verifySelectSize" time="30.042">
    <failure type="com.microsoft.playwright.TimeoutError" message="Error {
  message=&amp;apos;Timeout 30000ms exceeded.
  name=&amp;apos;TimeoutError
  stack=&amp;apos;TimeoutError: Timeout 30000ms exceeded.
    at _ProgressController.run (C:\Users\HP\AppData\Local\Temp\playwright-java-3643724845023119710\package\lib\coreBundle.js:12135:32)
    at DispatcherConnection.dispatch (C:\Users\HP\AppData\Local\Temp\playwright-java-3643724845023119710\package\lib\coreBundle.js:18775:44)
}
Call log:
-   - waiting for getByText(&amp;quot;L&amp;quot;, new Page.GetByTextOptions().setExact(true))
">
      <![CDATA[com.microsoft.playwright.TimeoutError: Error {
  message='Timeout 30000ms exceeded.
  name='TimeoutError
  stack='TimeoutError: Timeout 30000ms exceeded.
    at _ProgressController.run (C:\Users\HP\AppData\Local\Temp\playwright-java-3643724845023119710\package\lib\coreBundle.js:12135:32)
    at DispatcherConnection.dispatch (C:\Users\HP\AppData\Local\Temp\playwright-java-3643724845023119710\package\lib\coreBundle.js:18775:44)
}
Call log:
-   - waiting for getByText("L", new Page.GetByTextOptions().setExact(true))

at com.microsoft.playwright.impl.WaitableResult.get(WaitableResult.java:52)
at com.microsoft.playwright.impl.ChannelOwner.runUntil(ChannelOwner.java:147)
at com.microsoft.playwright.impl.Connection.sendMessage(Connection.java:136)
at com.microsoft.playwright.impl.ChannelOwner.sendMessage(ChannelOwner.java:133)
at com.microsoft.playwright.impl.FrameImpl.clickImpl(FrameImpl.java:244)
at com.microsoft.playwright.impl.LocatorImpl.click(LocatorImpl.java:173)
at com.microsoft.playwright.Locator.click(Locator.java:2837)
at pages.flipkartPage.selectSize(flipkartPage.java:53)
at tests.flipkartTest.verifySelectSize(flipkartTest.java:46)
at java.base/java.util.ArrayList.forEach(ArrayList.java:1604)
Caused by: com.microsoft.playwright.TimeoutError: Error {
  message='Timeout 30000ms exceeded.
  name='TimeoutError
  stack='TimeoutError: Timeout 30000ms exceeded.
    at _ProgressController.run (C:\Users\HP\AppData\Local\Temp\playwright-java-3643724845023119710\package\lib\coreBundle.js:12135:32)
    at DispatcherConnection.dispatch (C:\Users\HP\AppData\Local\Temp\playwright-java-3643724845023119710\package\lib\coreBundle.js:18775:44)
}
Call log:
-   - waiting for getByText("L", new Page.GetByTextOptions().setExact(true))

at com.microsoft.playwright.impl.Connection.dispatch(Connection.java:273)
at com.microsoft.playwright.impl.Connection.processOneMessage(Connection.java:229)
at com.microsoft.playwright.impl.ChannelOwner.runUntil(ChannelOwner.java:145)
... 33 more
... Removed 25 stack frames]]>
    </failure>
  </testcase> <!-- verifySelectSize -->
  <testcase classname="tests.flipkartTest" name="verifyHover" time="0.001">
    <skipped/>
  </testcase> <!-- verifyHover -->
  <testcase classname="tests.flightTest" name="flightSearchTest" time="8.533"/>
</testsuite> <!-- Automation Tests -->
